0 info it worked if it ends with ok
1 verbose cli [ '/usr/bin/nodejs', '/usr/bin/npm', 'run', 'test' ]
2 info using npm@3.10.7
3 info using node@v4.4.7
4 verbose run-script [ 'pretest', 'test', 'posttest' ]
5 info lifecycle xecmascript@0.0.0~pretest: xecmascript@0.0.0
6 silly lifecycle xecmascript@0.0.0~pretest: no script for pretest, continuing
7 info lifecycle xecmascript@0.0.0~test: xecmascript@0.0.0
8 verbose lifecycle xecmascript@0.0.0~test: unsafe-perm in lifecycle true
9 verbose lifecycle xecmascript@0.0.0~test: PATH: /usr/lib/node_modules/npm/bin/node-gyp-bin:/home/jeff/Documents/portfolio/exercism/pangram/node_modules/.bin:/usr/local/sbin:/usr/local/bin:/usr/sbin:/usr/bin:/sbin:/bin
10 verbose lifecycle xecmascript@0.0.0~test: CWD: /home/jeff/Documents/portfolio/exercism/pangram
11 silly lifecycle xecmascript@0.0.0~test: Args: [ '-c', 'gulp lint test' ]
12 silly lifecycle xecmascript@0.0.0~test: Returned: code: 1  signal: null
13 info lifecycle xecmascript@0.0.0~test: Failed to exec test script
14 verbose stack Error: xecmascript@0.0.0 test: `gulp lint test`
14 verbose stack Exit status 1
14 verbose stack     at EventEmitter.<anonymous> (/usr/lib/node_modules/npm/lib/utils/lifecycle.js:255:16)
14 verbose stack     at emitTwo (events.js:87:13)
14 verbose stack     at EventEmitter.emit (events.js:172:7)
14 verbose stack     at ChildProcess.<anonymous> (/usr/lib/node_modules/npm/lib/utils/spawn.js:40:14)
14 verbose stack     at emitTwo (events.js:87:13)
14 verbose stack     at ChildProcess.emit (events.js:172:7)
14 verbose stack     at maybeClose (internal/child_process.js:827:16)
14 verbose stack     at Process.ChildProcess._handle.onexit (internal/child_process.js:211:5)
15 verbose pkgid xecmascript@0.0.0
16 verbose cwd /home/jeff/Documents/portfolio/exercism/pangram
17 error Linux 3.16.0-4-amd64
18 error argv "/usr/bin/nodejs" "/usr/bin/npm" "run" "test"
19 error node v4.4.7
20 error npm  v3.10.7
21 error code ELIFECYCLE
22 error xecmascript@0.0.0 test: `gulp lint test`
22 error Exit status 1
23 error Failed at the xecmascript@0.0.0 test script 'gulp lint test'.
23 error Make sure you have the latest version of node.js and npm installed.
23 error If you do, this is most likely a problem with the xecmascript package,
23 error not with npm itself.
23 error Tell the author that this fails on your system:
23 error     gulp lint test
23 error You can get information on how to open an issue for this project with:
23 error     npm bugs xecmascript
23 error Or if that isn't available, you can get their info via:
23 error     npm owner ls xecmascript
23 error There is likely additional logging output above.
24 verbose exit [ 1, true ]
